Arguments: 
  /usr/local/bin/node /usr/local/bin/yarn add fusuma --dev

PATH: 
  /usr/local/opt/mysql-client/bin:/usr/local/opt/node@/bin:/Users/mrgleam/bin:/usr/local/bin:/Users/mrgleam/go/bin:/usr/local/bin:/usr/bin:/bin:/usr/sbin:/sbin

Yarn version: 
  1.12.3

Node version: 
  10.16.0

Platform: 
  darwin x64

Trace: 
  Error: https://registry.yarnpkg.com/fusuma: tunneling socket could not be established, cause=getaddrinfo ENOTFOUND pxc.set pxc.set:80
      at ClientRequest.onError (/usr/local/lib/node_modules/yarn/lib/cli.js:140504:17)
      at Object.onceWrapper (events.js:286:20)
      at ClientRequest.emit (events.js:198:13)
      at Socket.socketErrorListener (_http_client.js:392:9)
      at Socket.emit (events.js:198:13)
      at emitErrorNT (internal/streams/destroy.js:91:8)
      at emitErrorAndCloseNT (internal/streams/destroy.js:59:3)
      at process._tickCallback (internal/process/next_tick.js:63:19)

npm manifest: 
  No manifest

yarn manifest: 
  No manifest

Lockfile: 
  No lockfile
